1737489012361	geckodriver	INFO	Listening on 127.0.0.1:64319
1737489014961	mozrunner::runner	INFO	Running command: "C:\\Users\\miguel.a.proenca\\.cache\\selenium\\firefox\\win64\\134.0.2\\firefox.exe" "--marionette" "--remo ... emote-allow-hosts" "localhost" "-no-remote" "-profile" "C:\\Users\\MIGUEL~1.PRO\\AppData\\Local\\Temp\\rust_mozprofileGcAAbT"
console.warn: services.settings: Ignoring preference override of remote settings server
console.warn: services.settings: Allow by setting MOZ_REMOTE_SETTINGS_DEVTOOLS=1 in the environment
Dynamically enable window occlusion 0
1737489021811	Marionette	INFO	Marionette enabled
1737489022545	Marionette	INFO	Listening on port 64376
Read port: 64376
WebDriver BiDi listening on ws://127.0.0.1:64320
1737489022881	RemoteAgent	WARN	TLS certificate errors will be ignored for this session
DevTools listening on ws://127.0.0.1:64320/devtools/browser/c81021c1-98b7-4ee0-ad32-5146375785cb
JavaScript warning: https://opensource-demo.orangehrmlive.com/web/dist/js/chunk-vendors.js?v=1721393199309, line 123: Script terminated by timeout at:
get@https://opensource-demo.orangehrmlive.com/web/dist/js/chunk-vendors.js?v=1721393199309:123:5803
3736/</Ic/n[1]@https://opensource-demo.orangehrmlive.com/web/dist/js/chunk-vendors.js?v=1721393199309:1:474099
On@https://opensource-demo.orangehrmlive.com/web/dist/js/chunk-vendors.js?v=1721393199309:121:25848
Mn@https://opensource-demo.orangehrmlive.com/web/dist/js/chunk-vendors.js?v=1721393199309:121:25928
n@https://opensource-demo.orangehrmlive.com/web/dist/js/chunk-vendors.js?v=1721393199309:123:49806

1737489073857	Marionette	INFO	Stopped listening on port 64376
Dynamically enable window occlusion 1
!!! error running onStopped callback: TypeError: callback is not a function
